This is pdfTeX, Version 3.141592653-2.6-1.40.25 (TeX Live 2023) (preloaded format=pdflatex 2024.2.21)  13 DEC 2024 14:37
entering extended mode
 restricted \write18 enabled.
 file:line:error style messages enabled.
 %&-line parsing enabled.
**generic-color-rev2.tex
(./generic-color-rev2.tex
LaTeX2e <2022-11-01> patch level 1
L3 programming layer <2023-02-22> (./ieeecolor2.cls

LaTeX Warning: You have requested document class `ieeecolor2',
               but the document class provides `IEEEtran'.

Document Class: IEEEtran 2002/11/18 revision V1.6b by Michael Shell
-- See the "IEEEtran_HOWTO" manual for usage information.
-- The source comments contain changelog notes.
(/usr/local/texlive/2023/texmf-dist/tex/latex/graphics/color.sty
Package: color 2022/01/06 v1.3d Standard LaTeX Color (DPC)

(/usr/local/texlive/2023/texmf-dist/tex/latex/graphics-cfg/color.cfg
File: color.cfg 2016/01/02 v1.6 sample color configuration
)
Package color Info: Driver file: pdftex.def on input line 149.

(/usr/local/texlive/2023/texmf-dist/tex/latex/graphics-def/pdftex.def
File: pdftex.def 2022/09/22 v1.2b Graphics/color driver for pdftex
)
(/usr/local/texlive/2023/texmf-dist/tex/latex/graphics/mathcolor.ltx))
\@draftversionrule=\dimen140
\@IEEEtrantmpdimenA=\dimen141
\@IEEEtrantmpdimenB=\dimen142
\@IEEEtrantmpcountA=\count185
\@IEEEtrantmpcountB=\count186
\@IEEEtrantmptoksA=\toks16
LaTeX Font Info:    Trying to load font information for OT1+ptm on input line 8
34.

(/usr/local/texlive/2023/texmf-dist/tex/latex/psnfss/ot1ptm.fd
File: ot1ptm.fd 2001/06/04 font definitions for OT1/ptm.
)
\@IEEEnormalsizefontbaselineskip=\skip48

-- This is a 10 point document.
\normalsizebaselineskip=\skip49
\normaljot=\skip50
LaTeX Font Info:    Font shape `OT1/ptm/bx/n' in size <5> not available
(Font)              Font shape `OT1/ptm/b/n' tried instead on input line 1180.
LaTeX Font Info:    Font shape `OT1/ptm/bx/it' in size <5> not available
(Font)              Font shape `OT1/ptm/b/it' tried instead on input line 1180.

LaTeX Font Info:    Font shape `OT1/ptm/bx/n' in size <7> not available
(Font)              Font shape `OT1/ptm/b/n' tried instead on input line 1180.
LaTeX Font Info:    Font shape `OT1/ptm/bx/it' in size <7> not available
(Font)              Font shape `OT1/ptm/b/it' tried instead on input line 1180.

LaTeX Font Info:    Font shape `OT1/ptm/bx/n' in size <8> not available
(Font)              Font shape `OT1/ptm/b/n' tried instead on input line 1180.
LaTeX Font Info:    Font shape `OT1/ptm/bx/it' in size <8> not available
(Font)              Font shape `OT1/ptm/b/it' tried instead on input line 1180.

LaTeX Font Info:    Font shape `OT1/ptm/bx/n' in size <9> not available
(Font)              Font shape `OT1/ptm/b/n' tried instead on input line 1180.
LaTeX Font Info:    Font shape `OT1/ptm/bx/it' in size <9> not available
(Font)              Font shape `OT1/ptm/b/it' tried instead on input line 1180.

LaTeX Font Info:    Font shape `OT1/ptm/bx/n' in size <10> not available
(Font)              Font shape `OT1/ptm/b/n' tried instead on input line 1180.
LaTeX Font Info:    Font shape `OT1/ptm/bx/it' in size <10> not available
(Font)              Font shape `OT1/ptm/b/it' tried instead on input line 1180.

LaTeX Font Info:    Font shape `OT1/ptm/bx/n' in size <11> not available
(Font)              Font shape `OT1/ptm/b/n' tried instead on input line 1180.
LaTeX Font Info:    Font shape `OT1/ptm/bx/it' in size <11> not available
(Font)              Font shape `OT1/ptm/b/it' tried instead on input line 1180.

LaTeX Font Info:    Font shape `OT1/ptm/bx/n' in size <12> not available
(Font)              Font shape `OT1/ptm/b/n' tried instead on input line 1180.
LaTeX Font Info:    Font shape `OT1/ptm/bx/it' in size <12> not available
(Font)              Font shape `OT1/ptm/b/it' tried instead on input line 1180.

LaTeX Font Info:    Font shape `OT1/ptm/bx/n' in size <17> not available
(Font)              Font shape `OT1/ptm/b/n' tried instead on input line 1180.
LaTeX Font Info:    Font shape `OT1/ptm/bx/it' in size <17> not available
(Font)              Font shape `OT1/ptm/b/it' tried instead on input line 1180.

LaTeX Font Info:    Font shape `OT1/ptm/bx/n' in size <20> not available
(Font)              Font shape `OT1/ptm/b/n' tried instead on input line 1180.
LaTeX Font Info:    Font shape `OT1/ptm/bx/it' in size <20> not available
(Font)              Font shape `OT1/ptm/b/it' tried instead on input line 1180.

LaTeX Font Info:    Font shape `OT1/ptm/bx/n' in size <24> not available
(Font)              Font shape `OT1/ptm/b/n' tried instead on input line 1180.
LaTeX Font Info:    Font shape `OT1/ptm/bx/it' in size <24> not available
(Font)              Font shape `OT1/ptm/b/it' tried instead on input line 1180.

\IEEEilabelindentA=\dimen143
\IEEEilabelindentB=\dimen144
\IEEEilabelindent=\dimen145
\IEEEelabelindent=\dimen146
\IEEEdlabelindent=\dimen147
\labelindent=\dimen148
\IEEEiednormlabelsep=\dimen149
\IEEEiedmathlabelsep=\dimen150
\IEEEiedtopsep=\skip51
\c@section=\count187
\c@subsection=\count188
\c@subsubsection=\count189
\c@paragraph=\count190
\c@IEEEsubequation=\count191
\abovecaptionskip=\skip52
\belowcaptionskip=\skip53
\figbox=\box51
\c@figure=\count192
\c@query=\count193
\c@qry=\count194
\c@nquery=\count195
\c@tquery=\count196
\c@equery=\count197
\c@eqry=\count198
\c@edquery=\count199
\c@etquery=\count266
\c@table=\count267
\@IEEEeqnnumcols=\count268
\@IEEEeqncolcnt=\count269
\firstpagerule=\skip54
\logowidth=\skip55
\@IEEEtmpitemindent=\dimen151
\c@biography=\count270
\c@edbiography=\count271
LaTeX Info: Redefining \sf on input line 4872.
\@IEEEtranrubishbin=\box52
) (./generic.sty) (/usr/local/texlive/2023/texmf-dist/tex/latex/cite/cite.sty
LaTeX Info: Redefining \cite on input line 302.
LaTeX Info: Redefining \nocite on input line 332.
Package: cite 2015/02/27  v 5.5
)
(/usr/local/texlive/2023/texmf-dist/tex/latex/amsmath/amsmath.sty
Package: amsmath 2022/04/08 v2.17n AMS math features
\@mathmargin=\skip56

For additional information on amsmath, use the `?' option.
(/usr/local/texlive/2023/texmf-dist/tex/latex/amsmath/amstext.sty
Package: amstext 2021/08/26 v2.01 AMS text

(/usr/local/texlive/2023/texmf-dist/tex/latex/amsmath/amsgen.sty
File: amsgen.sty 1999/11/30 v2.0 generic functions
\@emptytoks=\toks17
\ex@=\dimen152
))
(/usr/local/texlive/2023/texmf-dist/tex/latex/amsmath/amsbsy.sty
Package: amsbsy 1999/11/29 v1.2d Bold Symbols
\pmbraise@=\dimen153
)
(/usr/local/texlive/2023/texmf-dist/tex/latex/amsmath/amsopn.sty
Package: amsopn 2022/04/08 v2.04 operator names
)
\inf@bad=\count272
LaTeX Info: Redefining \frac on input line 234.
\uproot@=\count273
\leftroot@=\count274
LaTeX Info: Redefining \overline on input line 399.
LaTeX Info: Redefining \colon on input line 410.
\classnum@=\count275
\DOTSCASE@=\count276
LaTeX Info: Redefining \ldots on input line 496.
LaTeX Info: Redefining \dots on input line 499.
LaTeX Info: Redefining \cdots on input line 620.
\Mathstrutbox@=\box53
\strutbox@=\box54
LaTeX Info: Redefining \big on input line 722.
LaTeX Info: Redefining \Big on input line 723.
LaTeX Info: Redefining \bigg on input line 724.
LaTeX Info: Redefining \Bigg on input line 725.
\big@size=\dimen154
LaTeX Font Info:    Redeclaring font encoding OML on input line 743.
LaTeX Font Info:    Redeclaring font encoding OMS on input line 744.
\macc@depth=\count277
LaTeX Info: Redefining \bmod on input line 905.
LaTeX Info: Redefining \pmod on input line 910.
LaTeX Info: Redefining \smash on input line 940.
LaTeX Info: Redefining \relbar on input line 970.
LaTeX Info: Redefining \Relbar on input line 971.
\c@MaxMatrixCols=\count278
\dotsspace@=\muskip16
\c@parentequation=\count279
\dspbrk@lvl=\count280
\tag@help=\toks18
\row@=\count281
\column@=\count282
\maxfields@=\count283
\andhelp@=\toks19
\eqnshift@=\dimen155
\alignsep@=\dimen156
\tagshift@=\dimen157
\tagwidth@=\dimen158
\totwidth@=\dimen159
\lineht@=\dimen160
\@envbody=\toks20
\multlinegap=\skip57
\multlinetaggap=\skip58
\mathdisplay@stack=\toks21
LaTeX Info: Redefining \[ on input line 2953.
LaTeX Info: Redefining \] on input line 2954.
)
(/usr/local/texlive/2023/texmf-dist/tex/latex/amsfonts/amssymb.sty
Package: amssymb 2013/01/14 v3.01 AMS font symbols

(/usr/local/texlive/2023/texmf-dist/tex/latex/amsfonts/amsfonts.sty
Package: amsfonts 2013/01/14 v3.01 Basic AMSFonts support
\symAMSa=\mathgroup4
\symAMSb=\mathgroup5
LaTeX Font Info:    Redeclaring math symbol \hbar on input line 98.
LaTeX Font Info:    Overwriting math alphabet `\mathfrak' in version `bold'
(Font)                  U/euf/m/n --> U/euf/b/n on input line 106.
))
(/usr/local/texlive/2023/texmf-dist/tex/latex/algorithms/algorithmic.sty
Package: algorithmic 2009/08/24 v0.1 Document Style `algorithmic'

(/usr/local/texlive/2023/texmf-dist/tex/latex/base/ifthen.sty
Package: ifthen 2022/04/13 v1.1d Standard LaTeX ifthen package (DPC)
)
(/usr/local/texlive/2023/texmf-dist/tex/latex/graphics/keyval.sty
Package: keyval 2022/05/29 v1.15 key=value parser (DPC)
\KV@toks@=\toks22
)
\c@ALC@unique=\count284
\c@ALC@line=\count285
\c@ALC@rem=\count286
\c@ALC@depth=\count287
\ALC@tlm=\skip59
\algorithmicindent=\skip60
)
(/usr/local/texlive/2023/texmf-dist/tex/latex/graphics/graphicx.sty
Package: graphicx 2021/09/16 v1.2d Enhanced LaTeX Graphics (DPC,SPQR)

(/usr/local/texlive/2023/texmf-dist/tex/latex/graphics/graphics.sty
Package: graphics 2022/03/10 v1.4e Standard LaTeX Graphics (DPC,SPQR)

(/usr/local/texlive/2023/texmf-dist/tex/latex/graphics/trig.sty
Package: trig 2021/08/11 v1.11 sin cos tan (DPC)
)
(/usr/local/texlive/2023/texmf-dist/tex/latex/graphics-cfg/graphics.cfg
File: graphics.cfg 2016/06/04 v1.11 sample graphics configuration
)
Package graphics Info: Driver file: pdftex.def on input line 107.
)
\Gin@req@height=\dimen161
\Gin@req@width=\dimen162
)
(/usr/local/texlive/2023/texmf-dist/tex/latex/base/textcomp.sty
Package: textcomp 2020/02/02 v2.0n Standard LaTeX package
)
(/usr/local/texlive/2023/texmf-dist/tex/latex/l3backend/l3backend-pdftex.def
File: l3backend-pdftex.def 2023-01-16 L3 backend support: PDF output (pdfTeX)
\l__color_backend_stack_int=\count288
\l__pdf_internal_box=\box55
)
(./generic-color-rev2.aux)
\openout1 = `generic-color-rev2.aux'.

LaTeX Font Info:    Checking defaults for OML/cmm/m/it on input line 12.
LaTeX Font Info:    ... okay on input line 12.
LaTeX Font Info:    Checking defaults for OMS/cmsy/m/n on input line 12.
LaTeX Font Info:    ... okay on input line 12.
LaTeX Font Info:    Checking defaults for OT1/cmr/m/n on input line 12.
LaTeX Font Info:    ... okay on input line 12.
LaTeX Font Info:    Checking defaults for T1/cmr/m/n on input line 12.
LaTeX Font Info:    ... okay on input line 12.
LaTeX Font Info:    Checking defaults for TS1/cmr/m/n on input line 12.
LaTeX Font Info:    ... okay on input line 12.
LaTeX Font Info:    Checking defaults for OMX/cmex/m/n on input line 12.
LaTeX Font Info:    ... okay on input line 12.
LaTeX Font Info:    Checking defaults for U/cmr/m/n on input line 12.
LaTeX Font Info:    ... okay on input line 12.

(/usr/local/texlive/2023/texmf-dist/tex/context/base/mkii/supp-pdf.mkii
[Loading MPS to PDF converter (version 2006.09.02).]
\scratchcounter=\count289
\scratchdimen=\dimen163
\scratchbox=\box56
\nofMPsegments=\count290
\nofMParguments=\count291
\everyMPshowfont=\toks23
\MPscratchCnt=\count292
\MPscratchDim=\dimen164
\MPnumerator=\count293
\makeMPintoPDFobject=\count294
\everyMPtoPDFconversion=\toks24
) (/usr/local/texlive/2023/texmf-dist/tex/latex/epstopdf-pkg/epstopdf-base.sty
Package: epstopdf-base 2020-01-24 v2.11 Base part for package epstopdf
Package epstopdf-base Info: Redefining graphics rule for `.eps' on input line 4
85.

(/usr/local/texlive/2023/texmf-dist/tex/latex/latexconfig/epstopdf-sys.cfg
File: epstopdf-sys.cfg 2010/07/13 v1.3 Configuration of (r)epstopdf for TeX Liv
e
))
Package color Info: Redefining color nblue on input line 32.
Package color Info: Redefining color mblue on input line 32.
LaTeX Font Info:    Trying to load font information for OT1+phv on input line 3
2.

(/usr/local/texlive/2023/texmf-dist/tex/latex/psnfss/ot1phv.fd
File: ot1phv.fd 2020/03/25 scalable font definitions for OT1/phv.
)
LaTeX Font Info:    Font shape `OT1/phv/m/it' in size <11> not available
(Font)              Font shape `OT1/phv/m/sl' tried instead on input line 32.
Package color Info: Redefining color nblue on input line 32.
Package color Info: Redefining color mblue on input line 32.
LaTeX Font Info:    Trying to load font information for U+msa on input line 32.


(/usr/local/texlive/2023/texmf-dist/tex/latex/amsfonts/umsa.fd
File: umsa.fd 2013/01/14 v3.01 AMS symbols A
)
LaTeX Font Info:    Trying to load font information for U+msb on input line 32.


(/usr/local/texlive/2023/texmf-dist/tex/latex/amsfonts/umsb.fd
File: umsb.fd 2013/01/14 v3.01 AMS symbols B
)
Package color Info: Redefining color nblue on input line 34.
Package color Info: Redefining color mblue on input line 34.
LaTeX Font Info:    Font shape `OT1/phv/b/it' in size <9> not available
(Font)              Font shape `OT1/phv/b/sl' tried instead on input line 34.
Package color Info: Redefining color nblue on input line 38.
Package color Info: Redefining color mblue on input line 38.
LaTeX Font Info:    Trying to load font information for T1+phv on input line 49
.

(/usr/local/texlive/2023/texmf-dist/tex/latex/psnfss/t1phv.fd
File: t1phv.fd 2020/03/25 scalable font definitions for T1/phv.
)
LaTeX Font Info:    Font shape `OT1/phv/m/it' in size <10> not available
(Font)              Font shape `OT1/phv/m/sl' tried instead on input line 51.

Underfull \hbox (badness 2158) in paragraph at lines 52--54
[]\OT1/ptm/m/n/10 Distortion-product otoa-cous-tic emis-sions (DPOAE) are
 []


Underfull \hbox (badness 4132) in paragraph at lines 66--71
\OT1/ptm/m/n/10 func-tions, uses mul-ti-ple level com-bi-na-tions where the
 []

Package epstopdf Info: Source file: <LOGO-generic-web.eps>
(epstopdf)                    date: 2024-12-11 14:46:31
(epstopdf)                    size: 96860 bytes
(epstopdf)             Output file: <LOGO-generic-web-eps-converted-to.pdf>
(epstopdf)                    date: 2024-12-11 15:21:58
(epstopdf)                    size: 6621 bytes
(epstopdf)             Command: <repstopdf --outfile=LOGO-generic-web-eps-conve
rted-to.pdf LOGO-generic-web.eps>
(epstopdf)             \includegraphics on input line 73.
Package epstopdf Info: Output file is already uptodate.
<LOGO-generic-web-eps-converted-to.pdf, id=1, 55.20625pt x 34.1275pt>
File: LOGO-generic-web-eps-converted-to.pdf Graphic file (type pdf)
<use LOGO-generic-web-eps-converted-to.pdf>
Package pdftex.def Info: LOGO-generic-web-eps-converted-to.pdf  used on input l
ine 73.
(pdftex.def)             Requested size: 48.0pt x 29.674pt.

Overfull \hbox (259.0pt too wide) has occurred while \output is active
[][] 
 []


Overfull \hbox (12.0pt too wide) has occurred while \output is active
[] [] [] 
 []


Underfull \hbox (badness 10000) has occurred while \output is active
[]
 []


Overfull \vbox (24.05351pt too high) has occurred while \output is active []


[1{/usr/local/texlive/2023/texmf-var/fonts/map/pdftex/updmap/pdftex.map}{/usr/l
ocal/texlive/2023/texmf-dist/fonts/enc/dvips/base/8r.enc}


 <./LOGO-generic-web-eps-converted-to.pdf>]
<Fig_0_v1.png, id=20, 448.67625pt x 356.0803pt>
File: Fig_0_v1.png Graphic file (type png)
<use Fig_0_v1.png>
Package pdftex.def Info: Fig_0_v1.png  used on input line 82.
(pdftex.def)             Requested size: 252.0pt x 199.9904pt.

Overfull \vbox (5.0pt too high) has occurred while \output is active []

 [2 <./Fig_0_v1.png>]
<Fig_ALM_ModelBased.png, id=28, 752.8125pt x 250.68657pt>
File: Fig_ALM_ModelBased.png Graphic file (type png)
<use Fig_ALM_ModelBased.png>
Package pdftex.def Info: Fig_ALM_ModelBased.png  used on input line 147.
(pdftex.def)             Requested size: 516.0pt x 171.84166pt.


LaTeX Warning: Command \textquoteright invalid in math mode on input line 160.


LaTeX Warning: Command \textquoteright invalid in math mode on input line 160.

LaTeX Font Info:    Font shape `OT1/phv/m/it' in size <7> not available
(Font)              Font shape `OT1/phv/m/sl' tried instead on input line 176.

Overfull \vbox (5.0pt too high) has occurred while \output is active []

 [3]

LaTeX Warning: Command \textendash invalid in math mode on input line 189.


Underfull \vbox (badness 10000) has occurred while \output is active []

<Fig_ALM_DataBased.png, id=33, 712.16063pt x 236.38312pt>
File: Fig_ALM_DataBased.png Graphic file (type png)
<use Fig_ALM_DataBased.png>
Package pdftex.def Info: Fig_ALM_DataBased.png  used on input line 198.
(pdftex.def)             Requested size: 516.0pt x 171.27779pt.

Overfull \vbox (5.0pt too high) has occurred while \output is active []

 [4 <./Fig_ALM_ModelBased.png>]
Underfull \hbox (badness 10000) in paragraph at lines 236--243
[]\OT1/ptm/m/n/10 DPOAE LMs were recorded bi-lat-er-ally at 14
 []


Underfull \hbox (badness 10000) in paragraph at lines 236--243
\OT1/ptm/m/n/10 fre-quen-cies rang-ing from 1 to 14 kHz ($\OML/cmm/m/it/10 f[] 
\OT1/cmr/m/n/10 =
 []


Underfull \hbox (badness 10000) in paragraph at lines 236--243
\OT1/cmr/m/n/10 1\OML/cmm/m/it/10 ; \OT1/cmr/m/n/10 1\OML/cmm/m/it/10 :\OT1/cmr
/m/n/10 5\OML/cmm/m/it/10 ; \OT1/cmr/m/n/10 2\OML/cmm/m/it/10 ; \OT1/cmr/m/n/10
 3\OML/cmm/m/it/10 ; \OT1/cmr/m/n/10 4\OML/cmm/m/it/10 ; \OT1/cmr/m/n/10 5\OML/
cmm/m/it/10 ; \OT1/cmr/m/n/10 6\OML/cmm/m/it/10 ; \OT1/cmr/m/n/10 8\OML/cmm/m/i
t/10 ; \OT1/cmr/m/n/10 9\OML/cmm/m/it/10 ; \OT1/cmr/m/n/10 10\OML/cmm/m/it/10 ;
 \OT1/cmr/m/n/10 11\OML/cmm/m/it/10 ; \OT1/cmr/m/n/10 12\OML/cmm/m/it/10 ; \OT1
/cmr/m/n/10 13\OML/cmm/m/it/10 ; \OT1/cmr/m/n/10 14$ \OT1/ptm/m/n/10 kHz), yiel
d-ing
 []


Underfull \hbox (badness 2894) in paragraph at lines 236--243
\OT1/ptm/m/n/10 84 in-de-pen-dent data sets. The stim-u-lus and record-ing
 []

<Fig_Sequence.png, id=39, 545.03625pt x 249.93375pt>
File: Fig_Sequence.png Graphic file (type png)
<use Fig_Sequence.png>
Package pdftex.def Info: Fig_Sequence.png  used on input line 246.
(pdftex.def)             Requested size: 252.0pt x 115.55821pt.

Overfull \vbox (5.0pt too high) has occurred while \output is active []

 [5 <./Fig_ALM_DataBased.png> <./Fig_Sequence.png>]
LaTeX Font Info:    Font shape `OT1/phv/m/it' in size <9> not available
(Font)              Font shape `OT1/phv/m/sl' tried instead on input line 265.
Package epstopdf Info: Source file: <Fig_3_connectivity.eps>
(epstopdf)                    date: 2024-12-11 14:46:31
(epstopdf)                    size: 84734 bytes
(epstopdf)             Output file: <Fig_3_connectivity-eps-converted-to.pdf>
(epstopdf)                    date: 2024-12-11 15:21:59
(epstopdf)                    size: 84164 bytes
(epstopdf)             Command: <repstopdf --outfile=Fig_3_connectivity-eps-con
verted-to.pdf Fig_3_connectivity.eps>
(epstopdf)             \includegraphics on input line 269.
Package epstopdf Info: Output file is already uptodate.
<Fig_3_connectivity-eps-converted-to.pdf, id=43, 734.745pt x 473.77pt>
File: Fig_3_connectivity-eps-converted-to.pdf Graphic file (type pdf)
<use Fig_3_connectivity-eps-converted-to.pdf>
Package pdftex.def Info: Fig_3_connectivity-eps-converted-to.pdf  used on input
 line 269.
(pdftex.def)             Requested size: 252.0pt x 162.48935pt.
Package epstopdf Info: Source file: <Fig_5_assembly2.eps>
(epstopdf)                    date: 2024-12-11 14:46:31
(epstopdf)                    size: 348829 bytes
(epstopdf)             Output file: <Fig_5_assembly2-eps-converted-to.pdf>
(epstopdf)                    date: 2024-12-11 15:22:00
(epstopdf)                    size: 336154 bytes
(epstopdf)             Command: <repstopdf --outfile=Fig_5_assembly2-eps-conver
ted-to.pdf Fig_5_assembly2.eps>
(epstopdf)             \includegraphics on input line 320.
Package epstopdf Info: Output file is already uptodate.
<Fig_5_assembly2-eps-converted-to.pdf, id=44, 901.3675pt x 445.665pt>
File: Fig_5_assembly2-eps-converted-to.pdf Graphic file (type pdf)
<use Fig_5_assembly2-eps-converted-to.pdf>
Package pdftex.def Info: Fig_5_assembly2-eps-converted-to.pdf  used on input li
ne 320.
(pdftex.def)             Requested size: 516.0pt x 255.14014pt.

Overfull \vbox (5.0pt too high) has occurred while \output is active []

 [6 <./Fig_3_connectivity-eps-converted-to.pdf>]
<Fig_Efficiency_v3.png, id=54, 941.01563pt x 613.54219pt>
File: Fig_Efficiency_v3.png Graphic file (type png)
<use Fig_Efficiency_v3.png>
Package pdftex.def Info: Fig_Efficiency_v3.png  used on input line 351.
(pdftex.def)             Requested size: 252.0pt x 164.30113pt.

Underfull \vbox (badness 10000) has occurred while \output is active []


Overfull \vbox (5.0pt too high) has occurred while \output is active []

 [7 <./Fig_5_assembly2-eps-converted-to.pdf> <./Fig_Efficiency_v3.png>]
Package epstopdf Info: Source file: <Fig_8_Coverage_sameClim.eps>
(epstopdf)                    date: 2024-12-11 14:46:31
(epstopdf)                    size: 182639 bytes
(epstopdf)             Output file: <Fig_8_Coverage_sameClim-eps-converted-to.p
df>
(epstopdf)                    date: 2024-12-11 15:22:01
(epstopdf)                    size: 321965 bytes
(epstopdf)             Command: <repstopdf --outfile=Fig_8_Coverage_sameClim-ep
s-converted-to.pdf Fig_8_Coverage_sameClim.eps>
(epstopdf)             \includegraphics on input line 370.
Package epstopdf Info: Output file is already uptodate.
<Fig_8_Coverage_sameClim-eps-converted-to.pdf, id=65, 1156.32pt x 564.1075pt>
File: Fig_8_Coverage_sameClim-eps-converted-to.pdf Graphic file (type pdf)
<use Fig_8_Coverage_sameClim-eps-converted-to.pdf>
Package pdftex.def Info: Fig_8_Coverage_sameClim-eps-converted-to.pdf  used on 
input line 370.
(pdftex.def)             Requested size: 412.80157pt x 201.38284pt.
Package epstopdf Info: Source file: <Fig_9_Cumula.eps>
(epstopdf)                    date: 2024-12-11 14:46:31
(epstopdf)                    size: 65107 bytes
(epstopdf)             Output file: <Fig_9_Cumula-eps-converted-to.pdf>
(epstopdf)                    date: 2024-12-11 15:22:01
(epstopdf)                    size: 16785 bytes
(epstopdf)             Command: <repstopdf --outfile=Fig_9_Cumula-eps-converted
-to.pdf Fig_9_Cumula.eps>
(epstopdf)             \includegraphics on input line 385.
Package epstopdf Info: Output file is already uptodate.
<Fig_9_Cumula-eps-converted-to.pdf, id=66, 1124.2pt x 461.725pt>
File: Fig_9_Cumula-eps-converted-to.pdf Graphic file (type pdf)
<use Fig_9_Cumula-eps-converted-to.pdf>
Package pdftex.def Info: Fig_9_Cumula-eps-converted-to.pdf  used on input line 
385.
(pdftex.def)             Requested size: 252.0pt x 103.49614pt.
Package epstopdf Info: Source file: <Fig_10_Boxplots.eps>
(epstopdf)                    date: 2024-12-11 14:46:31
(epstopdf)                    size: 156301 bytes
(epstopdf)             Output file: <Fig_10_Boxplots-eps-converted-to.pdf>
(epstopdf)                    date: 2024-12-11 15:22:02
(epstopdf)                    size: 154157 bytes
(epstopdf)             Command: <repstopdf --outfile=Fig_10_Boxplots-eps-conver
ted-to.pdf Fig_10_Boxplots.eps>
(epstopdf)             \includegraphics on input line 396.
Package epstopdf Info: Output file is already uptodate.
<Fig_10_Boxplots-eps-converted-to.pdf, id=67, 1154.3125pt x 445.665pt>
File: Fig_10_Boxplots-eps-converted-to.pdf Graphic file (type pdf)
<use Fig_10_Boxplots-eps-converted-to.pdf>
Package pdftex.def Info: Fig_10_Boxplots-eps-converted-to.pdf  used on input li
ne 396.
(pdftex.def)             Requested size: 252.0pt x 97.29176pt.

Overfull \vbox (5.0pt too high) has occurred while \output is active []

 [8]
Overfull \vbox (5.0pt too high) has occurred while \output is active []

 [9 <./Fig_8_Coverage_sameClim-eps-converted-to.pdf> <./Fig_9_Cumula-eps-conver
ted-to.pdf> <./Fig_10_Boxplots-eps-converted-to.pdf>] (./generic-color-rev2.bbl
LaTeX Font Info:    Trying to load font information for OT1+pcr on input line 1
57.

(/usr/local/texlive/2023/texmf-dist/tex/latex/psnfss/ot1pcr.fd
File: ot1pcr.fd 2001/06/04 font definitions for OT1/pcr.
)
Underfull \hbox (badness 2343) in paragraph at lines 155--160
[]\OT1/ptm/m/n/8 E. Dal-hoff and D. Zelle, ``\OT1/pcr/m/n/8 Verfahren zur autom
atischen
 []


Underfull \hbox (badness 10000) in paragraph at lines 155--160
\OT1/pcr/m/n/8 Bestimmung einer individuellen Funktion
 []


Underfull \hbox (badness 10000) in paragraph at lines 155--160
\OT1/pcr/m/n/8 einer DPOAEPegelkarte eines menschlichen oder
 []


Overfull \vbox (5.0pt too high) has occurred while \output is active []

 [10])
<author1.png, id=92, 225.84375pt x 282.30469pt>
File: author1.png Graphic file (type png)
<use author1.png>
Package pdftex.def Info: author1.png  used on input line 461.
(pdftex.def)             Requested size: 72.27147pt x 90.33934pt.
File: author1.png Graphic file (type png)
<use author1.png>
Package pdftex.def Info: author1.png  used on input line 461.
(pdftex.def)             Requested size: 72.27147pt x 90.33934pt.
<author2.png, id=96, 225.84375pt x 282.30469pt>
File: author2.png Graphic file (type png)
<use author2.png>
Package pdftex.def Info: author2.png  used on input line 507.
(pdftex.def)             Requested size: 72.27147pt x 90.33934pt.
File: author2.png Graphic file (type png)
<use author2.png>
Package pdftex.def Info: author2.png  used on input line 507.
(pdftex.def)             Requested size: 72.27147pt x 90.33934pt.
LaTeX Font Info:    Font shape `OT1/phv/m/it' in size <8> not available
(Font)              Font shape `OT1/phv/m/sl' tried instead on input line 528.
<author3.png, id=99, 225.84375pt x 282.30469pt>
File: author3.png Graphic file (type png)
<use author3.png>
Package pdftex.def Info: author3.png  used on input line 538.
(pdftex.def)             Requested size: 72.27147pt x 90.33934pt.
File: author3.png Graphic file (type png)
<use author3.png>
Package pdftex.def Info: author3.png  used on input line 538.
(pdftex.def)             Requested size: 72.27147pt x 90.33934pt.

Overfull \vbox (5.0pt too high) has occurred while \output is active []

 [11 <./author1.png> <./author2.png> <./author3.png>] (./generic-color-rev2.aux
) ) 
Here is how much of TeX's memory you used:
 4071 strings out of 476025
 63624 string characters out of 5790017
 1877388 words of memory out of 5000000
 24439 multiletter control sequences out of 15000+600000
 583375 words of font info for 141 fonts, out of 8000000 for 9000
 1141 hyphenation exceptions out of 8191
 57i,19n,65p,2006b,566s stack positions out of 10000i,1000n,20000p,200000b,200000s
</usr/local/texlive/2023/texmf-dist/fonts/type1/public/amsfonts/cm/cmbx6.pfb
></usr/local/texlive/2023/texmf-dist/fonts/type1/public/amsfonts/cm/cmbx8.pfb><
/usr/local/texlive/2023/texmf-dist/fonts/type1/public/amsfonts/cm/cmex10.pfb></
usr/local/texlive/2023/texmf-dist/fonts/type1/public/amsfonts/cm/cmmi10.pfb></u
sr/local/texlive/2023/texmf-dist/fonts/type1/public/amsfonts/cm/cmmi7.pfb></usr
/local/texlive/2023/texmf-dist/fonts/type1/public/amsfonts/cm/cmmi8.pfb></usr/l
ocal/texlive/2023/texmf-dist/fonts/type1/public/amsfonts/cmextra/cmmib6.pfb></u
sr/local/texlive/2023/texmf-dist/fonts/type1/public/amsfonts/cmextra/cmmib8.pfb
></usr/local/texlive/2023/texmf-dist/fonts/type1/public/amsfonts/cm/cmr10.pfb><
/usr/local/texlive/2023/texmf-dist/fonts/type1/public/amsfonts/cm/cmr7.pfb></us
r/local/texlive/2023/texmf-dist/fonts/type1/public/amsfonts/cm/cmsy10.pfb></usr
/local/texlive/2023/texmf-dist/fonts/type1/public/amsfonts/cm/cmsy7.pfb></usr/l
ocal/texlive/2023/texmf-dist/fonts/type1/public/amsfonts/symbols/msbm10.pfb></u
sr/local/texlive/2023/texmf-dist/fonts/type1/urw/courier/ucrr8a.pfb></usr/local
/texlive/2023/texmf-dist/fonts/type1/urw/helvetic/uhvb8a.pfb></usr/local/texliv
e/2023/texmf-dist/fonts/type1/urw/helvetic/uhvbo8a.pfb></usr/local/texlive/2023
/texmf-dist/fonts/type1/urw/helvetic/uhvr8a.pfb></usr/local/texlive/2023/texmf-
dist/fonts/type1/urw/helvetic/uhvro8a.pfb></usr/local/texlive/2023/texmf-dist/f
onts/type1/urw/times/utmb8a.pfb></usr/local/texlive/2023/texmf-dist/fonts/type1
/urw/times/utmr8a.pfb></usr/local/texlive/2023/texmf-dist/fonts/type1/urw/times
/utmri8a.pfb>
Output written on generic-color-rev2.pdf (11 pages, 1716085 bytes).
PDF statistics:
 202 PDF objects out of 1000 (max. 8388607)
 103 compressed objects within 2 object streams
 0 named destinations out of 1000 (max. 500000)
 107 words of extra memory for PDF output out of 10000 (max. 10000000)

